


ARM Macro Assembler    Page 1 


    1 00000000         ;define RCC and GPIO address
    2 00000000 40021000 
                       RCC_BASE
                               EQU              0x40021000
    3 00000000 40021018 
                       RCC_APB2ENR
                               EQU              0x40021018
    4 00000000 40011000 
                       GPIOC_BASE
                               EQU              0x40011000
    5 00000000 40011004 
                       GPIOC_CRH
                               EQU              0x40011004
    6 00000000 40011010 
                       GPIOC_BSRR
                               EQU              0x40011010
    7 00000000 05F5E100 
                       TIM_DELAY
                               EQU              100000000
    8 00000000         
    9 00000000         
   10 00000000         
   11 00000000                 AREA             GPIO, CODE, READONLY
   12 00000000                 ENTRY
   13 00000000                 EXPORT           __main
   14 00000000         
   15 00000000         
   16 00000000         __main
   17 00000000         ; enable CLK port C in RCC register
   18 00000000 4813            LDR              R0,=RCC_APB2ENR
   19 00000002 6801            LDR              R1,[R0]
   20 00000004 F041 0110       ORR              R1,R1,#0x10
   21 00000008 6001            STR              R1,[R0]
   22 0000000A         ; set mode pin PC13
   23 0000000A 4812            LDR              R0,=GPIOC_CRH
   24 0000000C 6801            LDR              R1,[R0]
   25 0000000E F441 1140       ORR              R1,R1,#0x00300000
   26 00000012 F421 0140       AND              R1,R1,#0xFF3FFFFF
   27 00000016 6001            STR              R1,[R0]
   28 00000018 E7FF            B                _LOOP
   29 0000001A         
   30 0000001A         _LOOP
   31 0000001A F000 F809       BL               _TURN_ON_LED
   32 0000001E 4A0E            LDR              R2,=TIM_DELAY
   33 00000020 F000 F812       BL               _DELAY
   34 00000024 F000 F80A       BL               _TURN_OFF_LED
   35 00000028 4A0B            LDR              R2,=TIM_DELAY
   36 0000002A F000 F80D       BL               _DELAY
   37 0000002E E7F4            B                _LOOP
   38 00000030         
   39 00000030         _TURN_ON_LED
   40 00000030         ; Turn on LED
   41 00000030 480A            LDR              R0,=GPIOC_BSRR
   42 00000032 6801            LDR              R1,[R0]
   43 00000034 F441 5100       ORR              R1,R1,#0x00002000
   44 00000038 6001            STR              R1,[R0]
   45 0000003A 46F7            MOV              PC,R14
   46 0000003C         
   47 0000003C         



ARM Macro Assembler    Page 2 


   48 0000003C         _TURN_OFF_LED
   49 0000003C 4807            LDR              R0,=GPIOC_BSRR
   50 0000003E 6801            LDR              R1,[R0]
   51 00000040 F041 5100       ORR              R1,R1,#0x20000000
   52 00000044 6001            STR              R1,[R0]
   53 00000046 46F7            MOV              PC,R14
   54 00000048         
   55 00000048         _DELAY
   56 00000048 3A01            SUBS             R2,#1
   57 0000004A D1FD            BNE              _DELAY
   58 0000004C 46F7            MOV              PC,R14
   59 0000004E         
   60 0000004E         
   61 0000004E E7FE    _STOP   B                _STOP
   62 00000050                 END
              40021018 
              40011004 
              05F5E100 
              40011010 
Command Line: --debug --xref --diag_suppress=9931 --cpu=Cortex-M3 --apcs=interw
ork --depend=.\objects\main.d -o.\objects\main.o -I.\RTE\Device\STM32F103C8 -I.
\RTE\_GPIO -IC:\Keil_v5\ARM\PACK\ARM\CMSIS\5.6.0\CMSIS\Core\Include -IC:\Keil_v
5\ARM\PACK\Keil\STM32F1xx_DFP\2.3.0\Device\Include --predefine="__MICROLIB SETA
 1" --predefine="__UVISION_VERSION SETA 529" --predefine="_RTE_ SETA 1" --prede
fine="STM32F10X_MD SETA 1" --list=.\listings\main.lst main.s



ARM Macro Assembler    Page 1 Alphabetic symbol ordering
Relocatable symbols

GPIO 00000000

Symbol: GPIO
   Definitions
      At line 11 in file main.s
   Uses
      None
Comment: GPIO unused
_DELAY 00000048

Symbol: _DELAY
   Definitions
      At line 55 in file main.s
   Uses
      At line 33 in file main.s
      At line 36 in file main.s
      At line 57 in file main.s

_LOOP 0000001A

Symbol: _LOOP
   Definitions
      At line 30 in file main.s
   Uses
      At line 28 in file main.s
      At line 37 in file main.s

_STOP 0000004E

Symbol: _STOP
   Definitions
      At line 61 in file main.s
   Uses
      At line 61 in file main.s
Comment: _STOP used once
_TURN_OFF_LED 0000003C

Symbol: _TURN_OFF_LED
   Definitions
      At line 48 in file main.s
   Uses
      At line 34 in file main.s
Comment: _TURN_OFF_LED used once
_TURN_ON_LED 00000030

Symbol: _TURN_ON_LED
   Definitions
      At line 39 in file main.s
   Uses
      At line 31 in file main.s
Comment: _TURN_ON_LED used once
__main 00000000

Symbol: __main
   Definitions
      At line 16 in file main.s
   Uses
      At line 13 in file main.s
Comment: __main used once



ARM Macro Assembler    Page 2 Alphabetic symbol ordering
Relocatable symbols

7 symbols



ARM Macro Assembler    Page 1 Alphabetic symbol ordering
Absolute symbols

GPIOC_BASE 40011000

Symbol: GPIOC_BASE
   Definitions
      At line 4 in file main.s
   Uses
      None
Comment: GPIOC_BASE unused
GPIOC_BSRR 40011010

Symbol: GPIOC_BSRR
   Definitions
      At line 6 in file main.s
   Uses
      At line 41 in file main.s
      At line 49 in file main.s

GPIOC_CRH 40011004

Symbol: GPIOC_CRH
   Definitions
      At line 5 in file main.s
   Uses
      At line 23 in file main.s
Comment: GPIOC_CRH used once
RCC_APB2ENR 40021018

Symbol: RCC_APB2ENR
   Definitions
      At line 3 in file main.s
   Uses
      At line 18 in file main.s
Comment: RCC_APB2ENR used once
RCC_BASE 40021000

Symbol: RCC_BASE
   Definitions
      At line 2 in file main.s
   Uses
      None
Comment: RCC_BASE unused
TIM_DELAY 05F5E100

Symbol: TIM_DELAY
   Definitions
      At line 7 in file main.s
   Uses
      At line 32 in file main.s
      At line 35 in file main.s

6 symbols
349 symbols in table
